<?xml version="1.0" encoding="UTF-8"?>
<testng-results ignored="0" total="1" passed="1" failed="0" skipped="0">
  <reporter-output>
  </reporter-output>
  <suite started-at="2022-04-17T14:33:32 BDT" name="Default suite" finished-at="2022-04-17T14:35:17 BDT" duration-ms="105718">
    <groups>
    </groups>
    <test started-at="2022-04-17T14:33:32 BDT" name="Default test" finished-at="2022-04-17T14:35:17 BDT" duration-ms="105718">
      <class name="tests.TC001_AutomationRun">
        <test-method is-config="true" signature="setup()[pri:0, instance:tests.TC001_AutomationRun@2ea41516]" started-at="2022-04-17T14:33:27 BDT" name="setup" finished-at="2022-04-17T14:33:32 BDT" duration-ms="4911" status="PASS">
          <reporter-output>
          </reporter-output>
        </test-method> <!-- setup -->
        <test-method signature="testCase001()[pri:0, instance:tests.TC001_AutomationRun@2ea41516]" started-at="2022-04-17T14:33:32 BDT" name="testCase001" finished-at="2022-04-17T14:35:17 BDT" duration-ms="105696" status="PASS">
          <reporter-output>
          </reporter-output>
        </test-method> <!-- testCase001 -->
        <test-method is-config="true" signature="tearDown()[pri:0, instance:tests.TC001_AutomationRun@2ea41516]" started-at="2022-04-17T14:35:17 BDT" name="tearDown" finished-at="2022-04-17T14:35:17 BDT" duration-ms="46" status="PASS">
          <reporter-output>
          </reporter-output>
        </test-method> <!-- tearDown -->
      </class> <!-- tests.TC001_AutomationRun -->
    </test> <!-- Default test -->
  </suite> <!-- Default suite -->
</testng-results>
